20220901 11:59:03.068888 T[  30364] INFO  [RxLogEnv] 
20220901 11:59:03.068981 T[  30364] INFO  [RxLogEnv] <<<<<<<<<<<<<<<<<<<<<<<<<<<<<<<<<<<<<<<<<<<<<<<<<<
20220901 11:59:03.068992 T[  30364] INFO  [RxLogEnv] 进程/home/sprixin/davinci/bin/rxcalctheoryp[30364]启动！
20220901 11:59:03.069539 T[  30364] INFO  [addLog] pipe name:/home/sprixin/davinci/etc/IPC/30364a [000002]
20220901 11:59:03.069608 T[  30364] INFO  [addLog] Create rec pthread  success, the id is 1052518144 [000002]
20220901 11:59:03.072922 T[  30364] INFO  [addTimeLog] 进程rxcalctheoryp(30364)分配互斥锁/var/CalcWindTheoryP(539820033)。 [000002]
20220901 11:59:03.073021 T[  30364] INFO  [addTimeLog] <<<<<<<<< process = CalcTheoryP begin starting........ [000002]
20220901 11:59:03.073453 T[  30364] INFO  [addLog] begin trying to connect RXSERVER. Please Waiting... maxtimeout = 4000  [000115]
20220901 11:59:07.077697 T[  30364] INFO  [addLog] ApplicationTimerElapse: time arrived, beginning check whether or not exist connected channel. [000107]
20220901 11:59:07.078002 T[  30364] INFO  [addLog] beginning try to connect server. Please Waiting.... timeout = 2 [000115]
20220901 11:59:07.078036 T[  30364] ERROR CSocketDevice::Connect(): connect to (127.0.0.1) successful! --- ../../../src/baseapk/commonlib/log/rxlogmanager.cpp:48 [000115]
20220901 11:59:07.080551 T[  30364] INFO  [addTimeLog] pid =30364 Recv A Node( 0 ) Running. [000115]
20220901 11:59:07.084132 T[  30364] INFO  [addLog] Realtime Database Manager System [000115]
20220901 11:59:07.084254 T[  30364] WARN  begin to init memory database. --- ../../../src/baseapk/commonlib/log/rxlogmanager.cpp:20 [000017]
20220901 11:59:07.085122 T[  30364] WARN  have finished to init memory database. --- ../../../src/baseapk/commonlib/log/rxlogmanager.cpp:20 [000017]
20220901 11:59:07.085271 T[  30364] INFO  [addLog] CComponentManager::OnReceivedSignalRunning,begin to StartupApplication [000017]
20220901 11:59:07.085320 T[  30364] INFO  [addLog] REGISTER Registered OK! [000017]
20220901 11:59:07.085325 T[  30364] INFO  [addLog] Begin Register Application = 202. Please Wait... [000017]
20220901 11:59:07.085608 T[  30364] WARN  <<<<< Apply To Register Process = CalcTheoryP.... --- ../../../src/baseapk/commonlib/log/rxlogmanager.cpp:46 [000017]
20220901 11:59:07.126489 T[  30364] WARN   >>>>>>process CalcTheoryP  Register OK! --- ../../../src/baseapk/commonlib/log/rxlogmanager.cpp:46 [000017]
20220901 11:59:07.136801 T[  30364] INFO  [addLog] Register Process = 202 Success. [000017]
20220901 11:59:07.137035 T[  30364] INFO  [addLog] ****************************************************************** [000017]
20220901 11:59:07.137061 T[  30364] INFO  [addLog] <<<Startup Service = REGISTER Successful. [000017]
20220901 11:59:07.137065 T[  30364] INFO  [addLog] <<<< RegisterObject StartUp ! [000017]
20220901 11:59:07.137126 T[  30364] INFO  [addTimeLog] 服务REGISTER(3)启动。 [000017]
20220901 11:59:07.137136 T[  30364] INFO  [addLog] ****************************************************************** [000017]
20220901 11:59:07.137138 T[  30364] INFO  [addLog] CalcTheoryP startup OK! [000017]
20220901 11:59:07.348100 T[  30364] INFO  [RxLogInfo] User(DAVINCI_main_statool),ConnectStr(10.64.14.62@DAVINCI_main_statool)
20220901 11:59:07.350450 T[  30364] INFO  [RxLogInfo] 连接QMYSQL数据库成功
20220901 11:59:07.350728 T[  30364] ERROR ini文件(/home/sprixin/davinci/usr/subfcst_project/forecast/calctheorypcfg.ini)不存在，请检查 --- ../../../src/baseapk/commonlib/log/rxlogmanager.cpp:101 [000002]
20220901 11:59:07.350870 T[  30364] INFO  [RxLogInfo] 虚拟电场id(0) [000002]
20220901 11:59:07.350920 T[  30364] INFO  [RxLogInfo] 电场(farm1) 类型(SUN) [000002]
20220901 11:59:07.350970 T[  30364] INFO  [RxLogInfo] total 1 farms [000002]
20220901 11:59:07.350975 T[  30364] INFO  [RxLogInfo] default: 1 sun farm section [000002]
20220901 11:59:07.350978 T[  30364] INFO  [RxLogInfo] default: 0 wind farm section [000002]
20220901 11:59:07.372242 T[  30368] ERROR [CProcessCom::thr_rev] open pipe(O_RDONLY) /home/sprixin/davinci/etc/IPC/30364a error! --- ../../../src/baseapk/commonlib/log/rxlogmanager.cpp:22 [000004]
20220901 11:59:07.372312 T[  30368] ERROR [CProcessCom::thr_rev] can't create pipe /home/sprixin/davinci/etc/IPC/30364a count=[0] --- ../../../src/baseapk/commonlib/log/rxlogmanager.cpp:22 [000017]
20220901 11:59:07.382413 T[  30368] ERROR [CProcessCom::thr_rev] can't create pipe /home/sprixin/davinci/etc/IPC/30364a count=[1] --- ../../../src/baseapk/commonlib/log/rxlogmanager.cpp:22 [000017]
20220901 11:59:07.392542 T[  30368] ERROR [CProcessCom::thr_rev] can't create pipe /home/sprixin/davinci/etc/IPC/30364a count=[2] --- ../../../src/baseapk/commonlib/log/rxlogmanager.cpp:22 [000017]
20220901 11:59:07.401180 T[  30364] INFO  [RxLogInfo] ../../../../src/forecaststation/calctheory/calctheoryp/worker.cpp:65 User(DAVINCI_main_statool),ConnectStr(10.64.14.62@DAVINCI_main_statool) [000002]
20220901 11:59:07.402496 T[  30364] INFO  [RxLogInfo] 连接QMYSQL数据库成功 [000002]
20220901 11:59:07.402810 T[  30368] ERROR [CProcessCom::thr_rev] can't create pipe /home/sprixin/davinci/etc/IPC/30364a count=[3] --- ../../../src/baseapk/commonlib/log/rxlogmanager.cpp:22 [000017]
20220901 11:59:07.412911 T[  30368] ERROR [CProcessCom::thr_rev] can't create pipe /home/sprixin/davinci/etc/IPC/30364a count=[4] --- ../../../src/baseapk/commonlib/log/rxlogmanager.cpp:22 [000017]
20220901 11:59:07.423034 T[  30368] ERROR [CProcessCom::thr_rev] can't create pipe /home/sprixin/davinci/etc/IPC/30364a count=[5] --- ../../../src/baseapk/commonlib/log/rxlogmanager.cpp:22 [000017]
20220901 11:59:07.433182 T[  30368] ERROR [CProcessCom::thr_rev] can't create pipe /home/sprixin/davinci/etc/IPC/30364a count=[6] --- ../../../src/baseapk/commonlib/log/rxlogmanager.cpp:22 [000017]
20220901 11:59:07.443284 T[  30368] ERROR [CProcessCom::thr_rev] can't create pipe /home/sprixin/davinci/etc/IPC/30364a count=[7] --- ../../../src/baseapk/commonlib/log/rxlogmanager.cpp:22 [000017]
20220901 11:59:07.453392 T[  30368] ERROR [CProcessCom::thr_rev] can't create pipe /home/sprixin/davinci/etc/IPC/30364a count=[8] --- ../../../src/baseapk/commonlib/log/rxlogmanager.cpp:22 [000017]
20220901 11:59:07.463533 T[  30368] ERROR [CProcessCom::thr_rev] can't create pipe /home/sprixin/davinci/etc/IPC/30364a count=[9] --- ../../../src/baseapk/commonlib/log/rxlogmanager.cpp:22 [000017]
20220901 11:59:07.473663 T[  30368] ERROR [CProcessCom::thr_rev] can't create pipe /home/sprixin/davinci/etc/IPC/30364a count=[10] --- ../../../src/baseapk/commonlib/log/rxlogmanager.cpp:22 [000017]
20220901 11:59:07.483767 T[  30368] ERROR [CProcessCom::thr_rev] can't create pipe /home/sprixin/davinci/etc/IPC/30364a count=[11] --- ../../../src/baseapk/commonlib/log/rxlogmanager.cpp:22 [000017]
20220901 11:59:07.493896 T[  30368] ERROR [CProcessCom::thr_rev] can't create pipe /home/sprixin/davinci/etc/IPC/30364a count=[12] --- ../../../src/baseapk/commonlib/log/rxlogmanager.cpp:22 [000017]
20220901 11:59:07.504041 T[  30368] ERROR [CProcessCom::thr_rev] can't create pipe /home/sprixin/davinci/etc/IPC/30364a count=[13] --- ../../../src/baseapk/commonlib/log/rxlogmanager.cpp:22 [000017]
20220901 11:59:07.514253 T[  30368] ERROR [CProcessCom::thr_rev] can't create pipe /home/sprixin/davinci/etc/IPC/30364a count=[14] --- ../../../src/baseapk/commonlib/log/rxlogmanager.cpp:22 [000017]
20220901 11:59:07.524383 T[  30368] ERROR [CProcessCom::thr_rev] can't create pipe /home/sprixin/davinci/etc/IPC/30364a count=[15] --- ../../../src/baseapk/commonlib/log/rxlogmanager.cpp:22 [000017]
20220901 11:59:07.534570 T[  30368] ERROR [CProcessCom::thr_rev] can't create pipe /home/sprixin/davinci/etc/IPC/30364a count=[16] --- ../../../src/baseapk/commonlib/log/rxlogmanager.cpp:22 [000017]
20220901 11:59:07.544721 T[  30368] ERROR [CProcessCom::thr_rev] can't create pipe /home/sprixin/davinci/etc/IPC/30364a count=[17] --- ../../../src/baseapk/commonlib/log/rxlogmanager.cpp:22 [000017]
20220901 11:59:07.554842 T[  30368] ERROR [CProcessCom::thr_rev] can't create pipe /home/sprixin/davinci/etc/IPC/30364a count=[18] --- ../../../src/baseapk/commonlib/log/rxlogmanager.cpp:22 [000017]
20220901 11:59:07.565018 T[  30368] ERROR [CProcessCom::thr_rev] can't create pipe /home/sprixin/davinci/etc/IPC/30364a count=[19] --- ../../../src/baseapk/commonlib/log/rxlogmanager.cpp:22 [000017]
20220901 11:59:07.575121 T[  30368] ERROR [CProcessCom::thr_rev] can't create pipe /home/sprixin/davinci/etc/IPC/30364a count=[20] --- ../../../src/baseapk/commonlib/log/rxlogmanager.cpp:22 [000017]
20220901 11:59:07.585224 T[  30368] ERROR [CProcessCom::thr_rev] can't create pipe /home/sprixin/davinci/etc/IPC/30364a count=[21] --- ../../../src/baseapk/commonlib/log/rxlogmanager.cpp:22 [000017]
20220901 11:59:07.595339 T[  30368] ERROR [CProcessCom::thr_rev] can't create pipe /home/sprixin/davinci/etc/IPC/30364a count=[22] --- ../../../src/baseapk/commonlib/log/rxlogmanager.cpp:22 [000017]
20220901 11:59:07.605445 T[  30368] ERROR [CProcessCom::thr_rev] can't create pipe /home/sprixin/davinci/etc/IPC/30364a count=[23] --- ../../../src/baseapk/commonlib/log/rxlogmanager.cpp:22 [000017]
20220901 11:59:07.615569 T[  30368] ERROR [CProcessCom::thr_rev] can't create pipe /home/sprixin/davinci/etc/IPC/30364a count=[24] --- ../../../src/baseapk/commonlib/log/rxlogmanager.cpp:22 [000017]
20220901 11:59:07.625681 T[  30368] ERROR [CProcessCom::thr_rev] can't create pipe /home/sprixin/davinci/etc/IPC/30364a count=[25] --- ../../../src/baseapk/commonlib/log/rxlogmanager.cpp:22 [000017]
20220901 11:59:07.635791 T[  30368] ERROR [CProcessCom::thr_rev] can't create pipe /home/sprixin/davinci/etc/IPC/30364a count=[26] --- ../../../src/baseapk/commonlib/log/rxlogmanager.cpp:22 [000017]
20220901 11:59:07.645903 T[  30368] ERROR [CProcessCom::thr_rev] can't create pipe /home/sprixin/davinci/etc/IPC/30364a count=[27] --- ../../../src/baseapk/commonlib/log/rxlogmanager.cpp:22 [000017]
20220901 11:59:07.656106 T[  30368] ERROR [CProcessCom::thr_rev] can't create pipe /home/sprixin/davinci/etc/IPC/30364a count=[28] --- ../../../src/baseapk/commonlib/log/rxlogmanager.cpp:22 [000017]
20220901 11:59:07.666280 T[  30368] ERROR [CProcessCom::thr_rev] can't create pipe /home/sprixin/davinci/etc/IPC/30364a count=[29] --- ../../../src/baseapk/commonlib/log/rxlogmanager.cpp:22 [000017]
20220901 11:59:07.676423 T[  30368] ERROR [CProcessCom::thr_rev] can't create pipe /home/sprixin/davinci/etc/IPC/30364a count=[30] --- ../../../src/baseapk/commonlib/log/rxlogmanager.cpp:22 [000017]
20220901 11:59:07.686576 T[  30368] ERROR [CProcessCom::thr_rev] can't create pipe /home/sprixin/davinci/etc/IPC/30364a count=[31] --- ../../../src/baseapk/commonlib/log/rxlogmanager.cpp:22 [000017]
20220901 11:59:07.696704 T[  30368] ERROR [CProcessCom::thr_rev] can't create pipe /home/sprixin/davinci/etc/IPC/30364a count=[32] --- ../../../src/baseapk/commonlib/log/rxlogmanager.cpp:22 [000017]
20220901 11:59:07.706841 T[  30368] ERROR [CProcessCom::thr_rev] can't create pipe /home/sprixin/davinci/etc/IPC/30364a count=[33] --- ../../../src/baseapk/commonlib/log/rxlogmanager.cpp:22 [000017]
20220901 11:59:07.716943 T[  30368] ERROR [CProcessCom::thr_rev] can't create pipe /home/sprixin/davinci/etc/IPC/30364a count=[34] --- ../../../src/baseapk/commonlib/log/rxlogmanager.cpp:22 [000017]
20220901 11:59:07.727046 T[  30368] ERROR [CProcessCom::thr_rev] can't create pipe /home/sprixin/davinci/etc/IPC/30364a count=[35] --- ../../../src/baseapk/commonlib/log/rxlogmanager.cpp:22 [000017]
20220901 11:59:07.737200 T[  30368] ERROR [CProcessCom::thr_rev] can't create pipe /home/sprixin/davinci/etc/IPC/30364a count=[36] --- ../../../src/baseapk/commonlib/log/rxlogmanager.cpp:22 [000017]
20220901 11:59:07.747310 T[  30368] ERROR [CProcessCom::thr_rev] can't create pipe /home/sprixin/davinci/etc/IPC/30364a count=[37] --- ../../../src/baseapk/commonlib/log/rxlogmanager.cpp:22 [000017]
20220901 11:59:07.757443 T[  30368] ERROR [CProcessCom::thr_rev] can't create pipe /home/sprixin/davinci/etc/IPC/30364a count=[38] --- ../../../src/baseapk/commonlib/log/rxlogmanager.cpp:22 [000017]
20220901 11:59:07.767561 T[  30368] ERROR [CProcessCom::thr_rev] can't create pipe /home/sprixin/davinci/etc/IPC/30364a count=[39] --- ../../../src/baseapk/commonlib/log/rxlogmanager.cpp:22 [000017]
20220901 11:59:07.777733 T[  30368] ERROR [CProcessCom::thr_rev] can't create pipe /home/sprixin/davinci/etc/IPC/30364a count=[40] --- ../../../src/baseapk/commonlib/log/rxlogmanager.cpp:22 [000017]
20220901 11:59:07.787879 T[  30368] ERROR [CProcessCom::thr_rev] can't create pipe /home/sprixin/davinci/etc/IPC/30364a count=[41] --- ../../../src/baseapk/commonlib/log/rxlogmanager.cpp:22 [000017]
20220901 11:59:07.798025 T[  30368] ERROR [CProcessCom::thr_rev] can't create pipe /home/sprixin/davinci/etc/IPC/30364a count=[42] --- ../../../src/baseapk/commonlib/log/rxlogmanager.cpp:22 [000017]
20220901 11:59:07.808166 T[  30368] ERROR [CProcessCom::thr_rev] can't create pipe /home/sprixin/davinci/etc/IPC/30364a count=[43] --- ../../../src/baseapk/commonlib/log/rxlogmanager.cpp:22 [000017]
20220901 11:59:07.818352 T[  30368] ERROR [CProcessCom::thr_rev] can't create pipe /home/sprixin/davinci/etc/IPC/30364a count=[44] --- ../../../src/baseapk/commonlib/log/rxlogmanager.cpp:22 [000017]
20220901 11:59:07.828567 T[  30368] ERROR [CProcessCom::thr_rev] can't create pipe /home/sprixin/davinci/etc/IPC/30364a count=[45] --- ../../../src/baseapk/commonlib/log/rxlogmanager.cpp:22 [000017]
20220901 11:59:07.838709 T[  30368] ERROR [CProcessCom::thr_rev] can't create pipe /home/sprixin/davinci/etc/IPC/30364a count=[46] --- ../../../src/baseapk/commonlib/log/rxlogmanager.cpp:22 [000017]
20220901 11:59:07.848869 T[  30368] ERROR [CProcessCom::thr_rev] can't create pipe /home/sprixin/davinci/etc/IPC/30364a count=[47] --- ../../../src/baseapk/commonlib/log/rxlogmanager.cpp:22 [000017]
20220901 11:59:07.858975 T[  30368] ERROR [CProcessCom::thr_rev] can't create pipe /home/sprixin/davinci/etc/IPC/30364a count=[48] --- ../../../src/baseapk/commonlib/log/rxlogmanager.cpp:22 [000017]
20220901 11:59:07.869123 T[  30368] ERROR [CProcessCom::thr_rev] can't create pipe /home/sprixin/davinci/etc/IPC/30364a count=[49] --- ../../../src/baseapk/commonlib/log/rxlogmanager.cpp:22 [000017]
20220901 11:59:07.879272 T[  30368] ERROR [CProcessCom::thr_rev] can't create pipe /home/sprixin/davinci/etc/IPC/30364a count=[50] --- ../../../src/baseapk/commonlib/log/rxlogmanager.cpp:22 [000017]
20220901 11:59:07.889450 T[  30368] ERROR [CProcessCom::thr_rev] can't create pipe /home/sprixin/davinci/etc/IPC/30364a count=[51] --- ../../../src/baseapk/commonlib/log/rxlogmanager.cpp:22 [000017]
20220901 11:59:07.899646 T[  30368] ERROR [CProcessCom::thr_rev] can't create pipe /home/sprixin/davinci/etc/IPC/30364a count=[52] --- ../../../src/baseapk/commonlib/log/rxlogmanager.cpp:22 [000017]
20220901 11:59:07.909842 T[  30368] ERROR [CProcessCom::thr_rev] can't create pipe /home/sprixin/davinci/etc/IPC/30364a count=[53] --- ../../../src/baseapk/commonlib/log/rxlogmanager.cpp:22 [000017]
20220901 11:59:07.920035 T[  30368] ERROR [CProcessCom::thr_rev] can't create pipe /home/sprixin/davinci/etc/IPC/30364a count=[54] --- ../../../src/baseapk/commonlib/log/rxlogmanager.cpp:22 [000017]
20220901 11:59:07.930254 T[  30368] ERROR [CProcessCom::thr_rev] can't create pipe /home/sprixin/davinci/etc/IPC/30364a count=[55] --- ../../../src/baseapk/commonlib/log/rxlogmanager.cpp:22 [000017]
20220901 11:59:07.940441 T[  30368] ERROR [CProcessCom::thr_rev] can't create pipe /home/sprixin/davinci/etc/IPC/30364a count=[56] --- ../../../src/baseapk/commonlib/log/rxlogmanager.cpp:22 [000017]
20220901 11:59:07.950586 T[  30368] ERROR [CProcessCom::thr_rev] can't create pipe /home/sprixin/davinci/etc/IPC/30364a count=[57] --- ../../../src/baseapk/commonlib/log/rxlogmanager.cpp:22 [000017]
20220901 11:59:07.960787 T[  30368] ERROR [CProcessCom::thr_rev] can't create pipe /home/sprixin/davinci/etc/IPC/30364a count=[58] --- ../../../src/baseapk/commonlib/log/rxlogmanager.cpp:22 [000017]
20220901 11:59:07.970933 T[  30368] ERROR [CProcessCom::thr_rev] can't create pipe /home/sprixin/davinci/etc/IPC/30364a count=[59] --- ../../../src/baseapk/commonlib/log/rxlogmanager.cpp:22 [000017]
20220901 11:59:07.981105 T[  30368] ERROR [CProcessCom::thr_rev] can't create pipe /home/sprixin/davinci/etc/IPC/30364a count=[60] --- ../../../src/baseapk/commonlib/log/rxlogmanager.cpp:22 [000017]
20220901 11:59:07.991219 T[  30368] ERROR [CProcessCom::thr_rev] can't create pipe /home/sprixin/davinci/etc/IPC/30364a count=[61] --- ../../../src/baseapk/commonlib/log/rxlogmanager.cpp:22 [000017]
20220901 11:59:08.001336 T[  30368] ERROR [CProcessCom::thr_rev] can't create pipe /home/sprixin/davinci/etc/IPC/30364a count=[62] --- ../../../src/baseapk/commonlib/log/rxlogmanager.cpp:22 [000017]
20220901 11:59:08.011466 T[  30368] ERROR [CProcessCom::thr_rev] can't create pipe /home/sprixin/davinci/etc/IPC/30364a count=[63] --- ../../../src/baseapk/commonlib/log/rxlogmanager.cpp:22 [000017]
20220901 11:59:08.021598 T[  30368] ERROR [CProcessCom::thr_rev] can't create pipe /home/sprixin/davinci/etc/IPC/30364a count=[64] --- ../../../src/baseapk/commonlib/log/rxlogmanager.cpp:22 [000017]
20220901 11:59:08.033764 T[  30368] ERROR [CProcessCom::thr_rev] can't create pipe /home/sprixin/davinci/etc/IPC/30364a count=[65] --- ../../../src/baseapk/commonlib/log/rxlogmanager.cpp:22 [000017]
20220901 11:59:08.043909 T[  30368] ERROR [CProcessCom::thr_rev] can't create pipe /home/sprixin/davinci/etc/IPC/30364a count=[66] --- ../../../src/baseapk/commonlib/log/rxlogmanager.cpp:22 [000017]
20220901 11:59:08.054025 T[  30368] ERROR [CProcessCom::thr_rev] can't create pipe /home/sprixin/davinci/etc/IPC/30364a count=[67] --- ../../../src/baseapk/commonlib/log/rxlogmanager.cpp:22 [000017]
20220901 11:59:08.064247 T[  30368] ERROR [CProcessCom::thr_rev] can't create pipe /home/sprixin/davinci/etc/IPC/30364a count=[68] --- ../../../src/baseapk/commonlib/log/rxlogmanager.cpp:22 [000017]
20220901 11:59:08.074377 T[  30368] ERROR [CProcessCom::thr_rev] can't create pipe /home/sprixin/davinci/etc/IPC/30364a count=[69] --- ../../../src/baseapk/commonlib/log/rxlogmanager.cpp:22 [000017]
20220901 11:59:08.084534 T[  30368] ERROR [CProcessCom::thr_rev] can't create pipe /home/sprixin/davinci/etc/IPC/30364a count=[70] --- ../../../src/baseapk/commonlib/log/rxlogmanager.cpp:22 [000017]
20220901 11:59:08.094638 T[  30368] ERROR [CProcessCom::thr_rev] can't create pipe /home/sprixin/davinci/etc/IPC/30364a count=[71] --- ../../../src/baseapk/commonlib/log/rxlogmanager.cpp:22 [000017]
20220901 11:59:08.104777 T[  30368] ERROR [CProcessCom::thr_rev] can't create pipe /home/sprixin/davinci/etc/IPC/30364a count=[72] --- ../../../src/baseapk/commonlib/log/rxlogmanager.cpp:22 [000017]
20220901 11:59:08.114884 T[  30368] ERROR [CProcessCom::thr_rev] can't create pipe /home/sprixin/davinci/etc/IPC/30364a count=[73] --- ../../../src/baseapk/commonlib/log/rxlogmanager.cpp:22 [000017]
20220901 11:59:08.125019 T[  30368] ERROR [CProcessCom::thr_rev] can't create pipe /home/sprixin/davinci/etc/IPC/30364a count=[74] --- ../../../src/baseapk/commonlib/log/rxlogmanager.cpp:22 [000017]
20220901 11:59:08.135272 T[  30368] ERROR [CProcessCom::thr_rev] can't create pipe /home/sprixin/davinci/etc/IPC/30364a count=[75] --- ../../../src/baseapk/commonlib/log/rxlogmanager.cpp:22 [000017]
20220901 11:59:08.145430 T[  30368] ERROR [CProcessCom::thr_rev] can't create pipe /home/sprixin/davinci/etc/IPC/30364a count=[76] --- ../../../src/baseapk/commonlib/log/rxlogmanager.cpp:22 [000017]
20220901 11:59:08.155575 T[  30368] ERROR [CProcessCom::thr_rev] can't create pipe /home/sprixin/davinci/etc/IPC/30364a count=[77] --- ../../../src/baseapk/commonlib/log/rxlogmanager.cpp:22 [000017]
20220901 11:59:08.165689 T[  30368] ERROR [CProcessCom::thr_rev] can't create pipe /home/sprixin/davinci/etc/IPC/30364a count=[78] --- ../../../src/baseapk/commonlib/log/rxlogmanager.cpp:22 [000017]
20220901 11:59:08.175862 T[  30368] ERROR [CProcessCom::thr_rev] can't create pipe /home/sprixin/davinci/etc/IPC/30364a count=[79] --- ../../../src/baseapk/commonlib/log/rxlogmanager.cpp:22 [000017]
20220901 11:59:08.186023 T[  30368] ERROR [CProcessCom::thr_rev] can't create pipe /home/sprixin/davinci/etc/IPC/30364a count=[80] --- ../../../src/baseapk/commonlib/log/rxlogmanager.cpp:22 [000017]
20220901 11:59:08.196193 T[  30368] ERROR [CProcessCom::thr_rev] can't create pipe /home/sprixin/davinci/etc/IPC/30364a count=[81] --- ../../../src/baseapk/commonlib/log/rxlogmanager.cpp:22 [000017]
20220901 11:59:08.206296 T[  30368] ERROR [CProcessCom::thr_rev] can't create pipe /home/sprixin/davinci/etc/IPC/30364a count=[82] --- ../../../src/baseapk/commonlib/log/rxlogmanager.cpp:22 [000017]
20220901 11:59:08.216400 T[  30368] ERROR [CProcessCom::thr_rev] can't create pipe /home/sprixin/davinci/etc/IPC/30364a count=[83] --- ../../../src/baseapk/commonlib/log/rxlogmanager.cpp:22 [000017]
20220901 11:59:08.226554 T[  30368] ERROR [CProcessCom::thr_rev] can't create pipe /home/sprixin/davinci/etc/IPC/30364a count=[84] --- ../../../src/baseapk/commonlib/log/rxlogmanager.cpp:22 [000017]
20220901 11:59:08.236718 T[  30368] ERROR [CProcessCom::thr_rev] can't create pipe /home/sprixin/davinci/etc/IPC/30364a count=[85] --- ../../../src/baseapk/commonlib/log/rxlogmanager.cpp:22 [000017]
20220901 11:59:08.246941 T[  30368] ERROR [CProcessCom::thr_rev] can't create pipe /home/sprixin/davinci/etc/IPC/30364a count=[86] --- ../../../src/baseapk/commonlib/log/rxlogmanager.cpp:22 [000017]
20220901 11:59:08.257133 T[  30368] ERROR [CProcessCom::thr_rev] can't create pipe /home/sprixin/davinci/etc/IPC/30364a count=[87] --- ../../../src/baseapk/commonlib/log/rxlogmanager.cpp:22 [000017]
20220901 11:59:08.267316 T[  30368] ERROR [CProcessCom::thr_rev] can't create pipe /home/sprixin/davinci/etc/IPC/30364a count=[88] --- ../../../src/baseapk/commonlib/log/rxlogmanager.cpp:22 [000017]
20220901 11:59:08.277555 T[  30368] ERROR [CProcessCom::thr_rev] can't create pipe /home/sprixin/davinci/etc/IPC/30364a count=[89] --- ../../../src/baseapk/commonlib/log/rxlogmanager.cpp:22 [000017]
20220901 11:59:08.287754 T[  30368] ERROR [CProcessCom::thr_rev] can't create pipe /home/sprixin/davinci/etc/IPC/30364a count=[90] --- ../../../src/baseapk/commonlib/log/rxlogmanager.cpp:22 [000017]
20220901 11:59:08.297997 T[  30368] ERROR [CProcessCom::thr_rev] can't create pipe /home/sprixin/davinci/etc/IPC/30364a count=[91] --- ../../../src/baseapk/commonlib/log/rxlogmanager.cpp:22 [000017]
20220901 11:59:08.308209 T[  30368] ERROR [CProcessCom::thr_rev] can't create pipe /home/sprixin/davinci/etc/IPC/30364a count=[92] --- ../../../src/baseapk/commonlib/log/rxlogmanager.cpp:22 [000017]
20220901 11:59:08.318456 T[  30368] ERROR [CProcessCom::thr_rev] can't create pipe /home/sprixin/davinci/etc/IPC/30364a count=[93] --- ../../../src/baseapk/commonlib/log/rxlogmanager.cpp:22 [000017]
20220901 11:59:08.328728 T[  30368] ERROR [CProcessCom::thr_rev] can't create pipe /home/sprixin/davinci/etc/IPC/30364a count=[94] --- ../../../src/baseapk/commonlib/log/rxlogmanager.cpp:22 [000017]
20220901 11:59:08.338915 T[  30368] ERROR [CProcessCom::thr_rev] can't create pipe /home/sprixin/davinci/etc/IPC/30364a count=[95] --- ../../../src/baseapk/commonlib/log/rxlogmanager.cpp:22 [000017]
20220901 11:59:08.349124 T[  30368] ERROR [CProcessCom::thr_rev] can't create pipe /home/sprixin/davinci/etc/IPC/30364a count=[96] --- ../../../src/baseapk/commonlib/log/rxlogmanager.cpp:22 [000017]
20220901 11:59:08.359240 T[  30368] ERROR [CProcessCom::thr_rev] can't create pipe /home/sprixin/davinci/etc/IPC/30364a count=[97] --- ../../../src/baseapk/commonlib/log/rxlogmanager.cpp:22 [000017]
20220901 11:59:08.369376 T[  30368] ERROR [CProcessCom::thr_rev] can't create pipe /home/sprixin/davinci/etc/IPC/30364a count=[98] --- ../../../src/baseapk/commonlib/log/rxlogmanager.cpp:22 [000017]
20220901 11:59:08.379560 T[  30368] ERROR [CProcessCom::thr_rev] can't create pipe /home/sprixin/davinci/etc/IPC/30364a count=[99] --- ../../../src/baseapk/commonlib/log/rxlogmanager.cpp:22 [000017]
20220901 11:59:08.389729 T[  30368] ERROR [CProcessCom::thr_rev] can't create pipe /home/sprixin/davinci/etc/IPC/30364a count=[100] --- ../../../src/baseapk/commonlib/log/rxlogmanager.cpp:22 [000017]
20220901 11:59:08.389758 T[  30368] ERROR [CProcessCom::thr_rev] create pipe /home/sprixin/davinci/etc/IPC/30364a failed count=[101] --- ../../../src/baseapk/commonlib/log/rxlogmanager.cpp:22 [000017]
20220901 11:59:08.406261 T[  30364] ERROR sql语句[SELECT metertheoryp, availablemeter, modetheoryp, availablemode FROM hdrtheorypdata20220901 WHERE obj_id=115020 AND limitflag=0 ORDER BY datatime DESC]执行失败,pItem == NULL,未找到非限电数据。电场(farm1) --- ../../../src/baseapk/commonlib/log/rxlogmanager.cpp:101 [000002]
20220901 11:59:08.406437 T[  30364] INFO  [RxLogInfo] start ok [000002]
20220901 11:59:08.406533 T[  30364] INFO  [addLog] ****************************************************************** [000002]
20220901 11:59:08.406548 T[  30364] INFO  [addLog] ****************************************************************** [000002]
20220901 11:59:09.407281 T[  30364] INFO  [RxLogInfo] para.xml [000034]
20220901 11:59:09.407401 T[  30364] INFO  [RxLogInfo] farm1 使用 para.xml [000034]
20220901 11:59:09.407609 T[  30364] INFO  [RxLogInfo] 配置文件/home/sprixin/davinci/usr/subfcst_project/forecast/farm1/para.xml是新的 [000034]
20220901 11:59:09.407638 T[  30364] INFO  [RxLogInfo] 开始读取配置文件 /home/sprixin/davinci/usr/subfcst_project/forecast/farm1/para.xml  [000034]
20220901 11:59:10.410576 T[  30364] INFO  [RxLogInfo] para.xml [000034]
20220901 11:59:10.410603 T[  30364] INFO  [RxLogInfo] farm1 使用 para.xml [000034]
20220901 11:59:11.406969 T[  30364] INFO  [RxLogInfo] para.xml [000034]
20220901 11:59:11.411560 T[  30364] INFO  [RxLogInfo] farm1 使用 para.xml [000034]
20220901 11:59:12.408483 T[  30364] INFO  [RxLogInfo] para.xml [000034]
20220901 11:59:12.408546 T[  30364] INFO  [RxLogInfo] farm1 使用 para.xml [000034]
20220901 11:59:13.406859 T[  30364] INFO  [RxLogInfo] para.xml [000034]
20220901 11:59:13.406886 T[  30364] INFO  [RxLogInfo] farm1 使用 para.xml [000034]
20220901 11:59:14.406849 T[  30364] INFO  [RxLogInfo] para.xml [000034]
20220901 11:59:14.406877 T[  30364] INFO  [RxLogInfo] farm1 使用 para.xml [000034]
20220901 11:59:15.406925 T[  30364] INFO  [RxLogInfo] para.xml [000034]
20220901 11:59:15.406997 T[  30364] INFO  [RxLogInfo] farm1 使用 para.xml [000034]
20220901 11:59:16.407259 T[  30364] INFO  [RxLogInfo] para.xml [000034]
20220901 11:59:16.407290 T[  30364] INFO  [RxLogInfo] farm1 使用 para.xml [000034]
20220901 11:59:17.406954 T[  30364] INFO  [RxLogInfo] para.xml [000034]
20220901 11:59:17.406988 T[  30364] INFO  [RxLogInfo] farm1 使用 para.xml [000034]
20220901 11:59:18.407925 T[  30364] INFO  [RxLogInfo] para.xml [000034]
20220901 11:59:18.407987 T[  30364] INFO  [RxLogInfo] farm1 使用 para.xml [000034]
20220901 11:59:19.407153 T[  30364] INFO  [RxLogInfo] para.xml [000034]
20220901 11:59:19.407206 T[  30364] INFO  [RxLogInfo] farm1 使用 para.xml [000034]
20220901 11:59:20.407146 T[  30364] INFO  [RxLogInfo] para.xml [000034]
20220901 11:59:20.407192 T[  30364] INFO  [RxLogInfo] farm1 使用 para.xml [000034]
20220901 11:59:21.407127 T[  30364] INFO  [RxLogInfo] para.xml [000034]
20220901 11:59:21.407162 T[  30364] INFO  [RxLogInfo] farm1 使用 para.xml [000034]
20220901 11:59:22.407440 T[  30364] INFO  [RxLogInfo] para.xml [000034]
20220901 11:59:22.407485 T[  30364] INFO  [RxLogInfo] farm1 使用 para.xml [000034]
20220901 11:59:23.407038 T[  30364] INFO  [RxLogInfo] para.xml [000034]
20220901 11:59:23.407134 T[  30364] INFO  [RxLogInfo] farm1 使用 para.xml [000034]
20220901 11:59:24.407294 T[  30364] INFO  [RxLogInfo] para.xml [000034]
20220901 11:59:24.407341 T[  30364] INFO  [RxLogInfo] farm1 使用 para.xml [000034]
20220901 11:59:25.406844 T[  30364] INFO  [RxLogInfo] para.xml [000034]
20220901 11:59:25.406877 T[  30364] INFO  [RxLogInfo] farm1 使用 para.xml [000034]
20220901 11:59:26.406826 T[  30364] INFO  [RxLogInfo] para.xml [000034]
20220901 11:59:26.406853 T[  30364] INFO  [RxLogInfo] farm1 使用 para.xml [000034]
20220901 11:59:27.407158 T[  30364] INFO  [RxLogInfo] para.xml [000034]
20220901 11:59:27.407224 T[  30364] INFO  [RxLogInfo] farm1 使用 para.xml [000034]
20220901 11:59:28.406850 T[  30364] INFO  [RxLogInfo] para.xml [000034]
20220901 11:59:28.406883 T[  30364] INFO  [RxLogInfo] farm1 使用 para.xml [000034]
20220901 11:59:29.407281 T[  30364] INFO  [RxLogInfo] para.xml [000034]
20220901 11:59:29.407320 T[  30364] INFO  [RxLogInfo] farm1 使用 para.xml [000034]
20220901 11:59:30.407116 T[  30364] INFO  [RxLogInfo] para.xml [000034]
20220901 11:59:30.407144 T[  30364] INFO  [RxLogInfo] farm1 使用 para.xml [000034]
20220901 11:59:31.407064 T[  30364] INFO  [RxLogInfo] para.xml [000034]
20220901 11:59:31.407183 T[  30364] INFO  [RxLogInfo] farm1 使用 para.xml [000034]
20220901 11:59:32.407493 T[  30364] INFO  [RxLogInfo] para.xml [000034]
20220901 11:59:32.407566 T[  30364] INFO  [RxLogInfo] farm1 使用 para.xml [000034]
20220901 11:59:33.406861 T[  30364] INFO  [RxLogInfo] para.xml [000034]
20220901 11:59:33.406894 T[  30364] INFO  [RxLogInfo] farm1 使用 para.xml [000034]
20220901 11:59:34.407130 T[  30364] INFO  [RxLogInfo] para.xml [000034]
20220901 11:59:34.407164 T[  30364] INFO  [RxLogInfo] farm1 使用 para.xml [000034]
20220901 11:59:35.407486 T[  30364] INFO  [RxLogInfo] para.xml [000034]
20220901 11:59:35.407556 T[  30364] INFO  [RxLogInfo] farm1 使用 para.xml [000034]
20220901 11:59:36.406974 T[  30364] INFO  [RxLogInfo] para.xml [000034]
20220901 11:59:36.407015 T[  30364] INFO  [RxLogInfo] farm1 使用 para.xml [000034]
20220901 11:59:37.406987 T[  30364] INFO  [RxLogInfo] para.xml [000034]
20220901 11:59:37.407029 T[  30364] INFO  [RxLogInfo] farm1 使用 para.xml [000034]
20220901 11:59:38.407061 T[  30364] INFO  [RxLogInfo] para.xml [000034]
20220901 11:59:38.407118 T[  30364] INFO  [RxLogInfo] farm1 使用 para.xml [000034]
20220901 11:59:39.407177 T[  30364] INFO  [RxLogInfo] para.xml [000034]
20220901 11:59:39.407244 T[  30364] INFO  [RxLogInfo] farm1 使用 para.xml [000034]
20220901 11:59:40.407256 T[  30364] INFO  [RxLogInfo] para.xml [000034]
20220901 11:59:40.407323 T[  30364] INFO  [RxLogInfo] farm1 使用 para.xml [000034]
20220901 11:59:41.407273 T[  30364] INFO  [RxLogInfo] para.xml [000034]
20220901 11:59:41.407370 T[  30364] INFO  [RxLogInfo] farm1 使用 para.xml [000034]
20220901 11:59:42.406974 T[  30364] INFO  [RxLogInfo] para.xml [000034]
20220901 11:59:42.407004 T[  30364] INFO  [RxLogInfo] farm1 使用 para.xml [000034]
20220901 11:59:43.407245 T[  30364] INFO  [RxLogInfo] para.xml [000034]
20220901 11:59:43.407359 T[  30364] INFO  [RxLogInfo] farm1 使用 para.xml [000034]
20220901 11:59:44.407098 T[  30364] INFO  [RxLogInfo] para.xml [000034]
20220901 11:59:44.407128 T[  30364] INFO  [RxLogInfo] farm1 使用 para.xml [000034]
20220901 11:59:45.406940 T[  30364] INFO  [RxLogInfo] para.xml [000034]
20220901 11:59:45.407005 T[  30364] INFO  [RxLogInfo] farm1 使用 para.xml [000034]
20220901 11:59:46.406855 T[  30364] INFO  [RxLogInfo] para.xml [000034]
20220901 11:59:46.406881 T[  30364] INFO  [RxLogInfo] farm1 使用 para.xml [000034]
20220901 11:59:47.406961 T[  30364] INFO  [RxLogInfo] para.xml [000034]
20220901 11:59:47.407055 T[  30364] INFO  [RxLogInfo] farm1 使用 para.xml [000034]
20220901 11:59:48.407442 T[  30364] INFO  [RxLogInfo] para.xml [000034]
20220901 11:59:48.407480 T[  30364] INFO  [RxLogInfo] farm1 使用 para.xml [000034]
20220901 11:59:49.406963 T[  30364] INFO  [RxLogInfo] para.xml [000034]
20220901 11:59:49.407001 T[  30364] INFO  [RxLogInfo] farm1 使用 para.xml [000034]
20220901 11:59:50.407066 T[  30364] INFO  [RxLogInfo] para.xml [000034]
20220901 11:59:50.407122 T[  30364] INFO  [RxLogInfo] farm1 使用 para.xml [000034]
20220901 11:59:51.406993 T[  30364] INFO  [RxLogInfo] para.xml [000034]
20220901 11:59:51.407064 T[  30364] INFO  [RxLogInfo] farm1 使用 para.xml [000034]
20220901 11:59:52.406984 T[  30364] INFO  [RxLogInfo] para.xml [000034]
20220901 11:59:52.407057 T[  30364] INFO  [RxLogInfo] farm1 使用 para.xml [000034]
20220901 11:59:53.407109 T[  30364] INFO  [RxLogInfo] para.xml [000034]
20220901 11:59:53.407148 T[  30364] INFO  [RxLogInfo] farm1 使用 para.xml [000034]
20220901 11:59:54.406879 T[  30364] INFO  [RxLogInfo] para.xml [000034]
20220901 11:59:54.406927 T[  30364] INFO  [RxLogInfo] farm1 使用 para.xml [000034]
20220901 11:59:55.407018 T[  30364] INFO  [RxLogInfo] para.xml [000034]
20220901 11:59:55.407254 T[  30364] INFO  [RxLogInfo] farm1 使用 para.xml [000034]
20220901 11:59:56.410310 T[  30364] INFO  [RxLogInfo] para.xml [000034]
20220901 11:59:56.410369 T[  30364] INFO  [RxLogInfo] farm1 使用 para.xml [000034]
20220901 11:59:57.407262 T[  30364] INFO  [RxLogInfo] para.xml [000034]
20220901 11:59:57.407345 T[  30364] INFO  [RxLogInfo] farm1 使用 para.xml [000034]
20220901 11:59:58.407221 T[  30364] INFO  [RxLogInfo] para.xml [000034]
20220901 11:59:58.407277 T[  30364] INFO  [RxLogInfo] farm1 使用 para.xml [000034]
20220901 11:59:59.407036 T[  30364] INFO  [RxLogInfo] para.xml [000034]
20220901 11:59:59.407208 T[  30364] INFO  [RxLogInfo] farm1 使用 para.xml [000034]
20220901 12:00:00.406907 T[  30364] INFO  [RxLogInfo] para.xml [000034]
20220901 12:00:00.406942 T[  30364] INFO  [RxLogInfo] farm1 使用 para.xml [000034]
20220901 12:00:01.406926 T[  30364] INFO  [RxLogInfo] para.xml [000034]
20220901 12:00:01.406995 T[  30364] INFO  [RxLogInfo] farm1 使用 para.xml [000034]
20220901 12:00:02.407035 T[  30364] INFO  [RxLogInfo] para.xml [000034]
20220901 12:00:02.407100 T[  30364] INFO  [RxLogInfo] farm1 使用 para.xml [000034]
20220901 12:00:02.407348 T[  30364] INFO  [RxLogInfo] m_iRefPlant2Do(1) to be reset [000034]
20220901 12:00:02.407355 T[  30364] INFO  [RxLogInfo] m_iRefPlant2Do(1) after reset [000034]
20220901 12:00:02.407650 T[  30383] INFO  [RxLogInfo] 获取一个任务，剩余任务个数为 0 个
20220901 12:00:02.407696 T[  30383] INFO  [RxLogInfo] start calculation for farm farm1
20220901 12:00:02.410577 T[  30383] INFO  [RxLogInfo] 数值气象预报当天条目97 farm1
20220901 12:00:02.410682 T[  30383] INFO  [RxLogInfo] farm1 找到日出 找到日落
20220901 12:00:02.413747 T[  30383] INFO  [RxLogInfo] 气象站ID(115021) 电场名(farm1) thread(140626416584448)
20220901 12:00:02.414176 T[  30383] INFO  [RxLogInfo] 并网功率(35.696369) farm1
20220901 12:00:02.417955 T[  30383] ERROR  sql语句[SELECT VALUE FROM HDR_ANALOGINPUT20220901 WHERE ID = 2 AND HDTIME > '2022-09-01 10:00:00']执行失败, pItem == NULL 功率不判断死值! farm1 --- ../../../src/baseapk/commonlib/log/rxlogmanager.cpp:101
20220901 12:00:02.418708 T[  30383] INFO  [RxLogInfo] 取到装机容量(100.000000)，电场ID(115020) 电场名(farm1),threadID(597378816)
20220901 12:00:02.418974 T[  30383] INFO  [RxLogInfo] 取到装机容量(100.000000)，电场ID(115020) 电场名(farm1),threadID(597378816)
20220901 12:00:02.419047 T[  30383] INFO  [RxLogInfo] 计划开机容量条目(0) 电场名(farm1), threadID(597378816)
20220901 12:00:02.419511 T[  30383] ERROR 获取限电标记位失败,返回值(-1) 电场名(farm1) thrID(597378816) --- ../../../src/baseapk/commonlib/log/rxlogmanager.cpp:101
20220901 12:00:02.419751 T[  30383] INFO  [RxLogInfo] 测光法 日出(22-9-1 上午6:00)日落(22-9-1 下午7:30) 实发(35.696369) 理论TimeK(1.150000) 可用TimeK(1.080000) 辐照度(899.026672) paraA(0.095250) paraB(0.080963) 装机(100.000000) 装机K(0.980000) 是否限电(1) farm1 thread(597378816)
20220901 12:00:02.420781 T[  30383] ERROR  sql语句[SELECT VALUE FROM HDR_ANALOGINPUT20220901 WHERE ID = 204 AND HDTIME > '2022-09-01 10:00:00']执行失败,pItem == NULL辐照度不判断死值 ! farm1 --- ../../../src/baseapk/commonlib/log/rxlogmanager.cpp:101
20220901 12:00:02.420816 T[  30383] INFO  [RxLogInfo] 辐照度不是死值，理论(85.632294) = 辐照度(899.026672) * paraA(0.095250) 197 ../../../../src/forecaststation/calctheory/sunalgorithm/sunirradiancealgorithm.cpp farm1
20220901 12:00:02.420856 T[  30383] INFO  [RxLogInfo] 可用(75.645111)=实发(35.696369)*(1-比例(0.800000))+理论(85.632294)*比例(0.800000) 250 ../../../../src/forecaststation/calctheory/sunalgorithm/sunirradiancealgorithm.cpp farm1
20220901 12:00:02.420865 T[  30383] INFO  [RxLogInfo] 测光法 理论(85.632294)，可用(75.645111)，有效标记(1)，装机(100.000000)，装机K(0.980000)，实发(35.696369) farm1
20220901 12:00:02.421786 T[  30383] INFO  [RxLogInfo] 数值气象预报当天条目97 farm1
20220901 12:00:02.421800 T[  30383] INFO  [RxLogInfo] farm1 找到日出 找到日落
20220901 12:00:02.421974 T[  30383] INFO  [RxLogInfo] 气象站ID(115021) 电场名(farm1) thread(140626416584448)
20220901 12:00:02.422231 T[  30383] INFO  [RxLogInfo] 并网功率(35.696369) farm1
20220901 12:00:02.423421 T[  30383] ERROR  sql语句[SELECT VALUE FROM HDR_ANALOGINPUT20220901 WHERE ID = 2 AND HDTIME > '2022-09-01 10:00:00']执行失败, pItem == NULL 功率不判断死值! farm1 --- ../../../src/baseapk/commonlib/log/rxlogmanager.cpp:101
20220901 12:00:02.423704 T[  30383] INFO  [RxLogInfo] 取到装机容量(100.000000)，电场ID(115020) 电场名(farm1),threadID(597378816)
20220901 12:00:02.423869 T[  30383] INFO  [RxLogInfo] 取到装机容量(100.000000)，电场ID(115020) 电场名(farm1),threadID(597378816)
20220901 12:00:02.423883 T[  30383] INFO  [RxLogInfo] 计划开机容量条目(0) 电场名(farm1), threadID(597378816)
20220901 12:00:02.424255 T[  30383] ERROR 获取限电标记位失败,返回值(-1) 电场名(farm1) thrID(597378816) --- ../../../src/baseapk/commonlib/log/rxlogmanager.cpp:101
20220901 12:00:02.424590 T[  30383] INFO  [RxLogInfo] 样板法 日出(22-9-1 上午6:00)日落(22-9-1 下午7:30) 实发(35.696369) 理论TimeK(1.100000) 可用TimeK(1.050000) 装机(100.000000) 装机K(0.980000) 样板机功率和(1.369630) 样板机装机容量和(2.000000) paraB(0.080963) 是否限电(1) farm1 thread(597378816)
20220901 12:00:02.425748 T[  30383] ERROR  sql语句[SELECT VALUE,HDTIME FROM hdr_analoginput20220901 WHERE ID=216 AND HDTIME > '2022-09-01 10:00:00']执行失败，pItem == NULL样板机功率不判断死值 ! farm1 --- ../../../src/baseapk/commonlib/log/rxlogmanager.cpp:101
20220901 12:00:02.425784 T[  30383] INFO  [RxLogInfo] 样板装机和不为0，理论(68.481499)=样板机功率和(1.369630)*(装机(100.000000)/样板机装机和(2.000000)) 198 ../../../../src/forecaststation/calctheory/sunalgorithm/suntypicalalgorithm.cpp farm1
20220901 12:00:02.425816 T[  30383] INFO  [RxLogInfo] 理论(68.481499)=理论(68.481499)*MOUTK(1.000000) 233 ../../../../src/forecaststation/calctheory/sunalgorithm/suntypicalalgorithm.cpp farm1
20220901 12:00:02.425826 T[  30383] INFO  [RxLogInfo] 可用(61.924473)=实发(35.696369)*(1-比例(0.800000))+理论(68.481499)*比例(0.800000) 286 ../../../../src/forecaststation/calctheory/sunalgorithm/suntypicalalgorithm.cpp farm1
20220901 12:00:02.425833 T[  30383] INFO  [RxLogInfo] 样板法 理论(68.481499)，可用(61.924473)，有效标记(1)，装机(100.000000)，装机K(0.980000)，实发(35.696369) farm1
20220901 12:00:02.426549 T[  30383] INFO  [RxLogInfo] 并网功率(35.696369) farm1
20220901 12:00:02.427547 T[  30383] ERROR  sql语句[SELECT VALUE FROM HDR_ANALOGINPUT20220901 WHERE ID = 2 AND HDTIME > '2022-09-01 10:00:00']执行失败, pItem == NULL 功率不判断死值! farm1 --- ../../../src/baseapk/commonlib/log/rxlogmanager.cpp:101
20220901 12:00:02.427625 T[  30383] INFO  [RxLogInfo] 电场(115020)未找到上一时刻非限电的记录，不进行跳变修复
20220901 12:00:02.427828 T[  30383] INFO  [RxLogInfo] 取到装机容量(100.000000)，电场ID(115020) 电场名(farm1),threadID(597378816)
20220901 12:00:02.427846 T[  30383] INFO  [RxLogInfo] 计划开机容量条目(0) 电场名(farm1), threadID(597378816)
20220901 12:00:02.428093 T[  30383] INFO  [RxLogInfo] 取到装机容量(100.000000)，电场ID(115020) 电场名(farm1),threadID(597378816)
20220901 12:00:02.428397 T[  30383] INFO  [RxLogInfo] 最后结果：测光法理论fItheoryP(85.632294) 测光法可用fIdtheoryP(75.645111) 样板法理论 fMtheoryP(68.481499) 样板法可用(61.924473) 实发功率(35.696369) 理论功率(85.632294) 可用功率(75.645111) limitFalg(1) farm(farm1) thrID(597378816)
20220901 12:00:02.429135 T[  30383] INFO  [RxLogInfo] 并网功率(35.696369) farm1
20220901 12:00:02.430521 T[  30383] ERROR  sql语句[SELECT VALUE FROM HDR_ANALOGINPUT20220901 WHERE ID = 2 AND HDTIME > '2022-09-01 10:00:00']执行失败, pItem == NULL 功率不判断死值! farm1 --- ../../../src/baseapk/commonlib/log/rxlogmanager.cpp:101
20220901 12:00:02.431262 T[  30383] ERROR 未能获取测光法，样板法的当日场内累计受阻电量当日场外累计受阻电量，请检查遥测表配置 farm1 thread(140626416584448) --- ../../../src/baseapk/commonlib/log/rxlogmanager.cpp:101
20220901 12:00:02.431369 T[  30383] INFO  [RxLogInfo] 从sequence实时库中读取ID2000个(hdrtheorypdata)
20220901 12:00:02.431462 T[  30383] INFO  [RxLogInfo] (hdrtheorypdata表)sequence缓存没有值,从sequence实时库中加载起始ID 102001
20220901 12:00:02.431642 T[  30383] INFO  [RxLogInfo] 更新sequence的hdrtheorypdata表最大ID成功，用时10毫秒
20220901 12:00:02.433119 T[  30383] INFO  [RxLogInfo] 电场（farm1）计算完毕，开始存入历史库！ [000002]
20220901 12:00:02.433643 T[  30383] INFO  [RxLogInfo] m_iRefPlant2Do(1) to be decrease [000002]
20220901 12:00:02.433648 T[  30383] INFO  [RxLogInfo] m_iRefPlant2Do(0) after decrease [000002]
20220901 12:00:02.433681 T[  30383] INFO  [RxLogInfo] 0 secs milli(26) cost for calculation for farm farm1 thrID(597378816) [000002]
20220901 12:00:03.407256 T[  30364] INFO  [RxLogInfo] para.xml [000034]
20220901 12:00:03.407330 T[  30364] INFO  [RxLogInfo] farm1 使用 para.xml [000034]
20220901 12:00:04.406929 T[  30364] INFO  [RxLogInfo] para.xml [000034]
20220901 12:00:04.406958 T[  30364] INFO  [RxLogInfo] farm1 使用 para.xml [000034]
20220901 12:00:05.406897 T[  30364] INFO  [RxLogInfo] para.xml [000034]
20220901 12:00:05.406942 T[  30364] INFO  [RxLogInfo] farm1 使用 para.xml [000034]
20220901 12:00:06.407131 T[  30364] INFO  [RxLogInfo] para.xml [000034]
20220901 12:00:06.407188 T[  30364] INFO  [RxLogInfo] farm1 使用 para.xml [000034]
20220901 12:00:07.406808 T[  30364] INFO  [RxLogInfo] para.xml [000034]
20220901 12:00:07.406877 T[  30364] INFO  [RxLogInfo] farm1 使用 para.xml [000034]
20220901 12:00:08.407149 T[  30364] INFO  [RxLogInfo] para.xml [000034]
20220901 12:00:08.407198 T[  30364] INFO  [RxLogInfo] farm1 使用 para.xml [000034]
20220901 12:00:09.406933 T[  30364] INFO  [RxLogInfo] para.xml [000034]
20220901 12:00:09.406995 T[  30364] INFO  [RxLogInfo] farm1 使用 para.xml [000034]
20220901 12:00:10.407243 T[  30364] INFO  [RxLogInfo] para.xml [000034]
20220901 12:00:10.407274 T[  30364] INFO  [RxLogInfo] farm1 使用 para.xml [000034]
20220901 12:00:11.407157 T[  30364] INFO  [RxLogInfo] para.xml [000034]
20220901 12:00:11.407243 T[  30364] INFO  [RxLogInfo] farm1 使用 para.xml [000034]
20220901 12:00:12.406925 T[  30364] INFO  [RxLogInfo] para.xml [000034]
20220901 12:00:12.406965 T[  30364] INFO  [RxLogInfo] farm1 使用 para.xml [000034]
20220901 12:00:13.406883 T[  30364] INFO  [RxLogInfo] para.xml [000034]
20220901 12:00:13.406933 T[  30364] INFO  [RxLogInfo] farm1 使用 para.xml [000034]
20220901 12:00:14.407404 T[  30364] INFO  [RxLogInfo] para.xml [000034]
20220901 12:00:14.407449 T[  30364] INFO  [RxLogInfo] farm1 使用 para.xml [000034]
20220901 12:00:15.406721 T[  30364] INFO  [RxLogInfo] para.xml [000034]
20220901 12:00:15.406794 T[  30364] INFO  [RxLogInfo] farm1 使用 para.xml [000034]
20220901 12:00:16.406856 T[  30364] INFO  [RxLogInfo] para.xml [000034]
20220901 12:00:16.406900 T[  30364] INFO  [RxLogInfo] farm1 使用 para.xml [000034]
20220901 12:00:17.407310 T[  30364] INFO  [RxLogInfo] para.xml [000034]
20220901 12:00:17.407357 T[  30364] INFO  [RxLogInfo] farm1 使用 para.xml [000034]
20220901 12:00:18.407002 T[  30364] INFO  [RxLogInfo] para.xml [000034]
20220901 12:00:18.407034 T[  30364] INFO  [RxLogInfo] farm1 使用 para.xml [000034]
20220901 12:00:19.406870 T[  30364] INFO  [RxLogInfo] para.xml [000034]
20220901 12:00:19.406945 T[  30364] INFO  [RxLogInfo] farm1 使用 para.xml [000034]
20220901 12:00:20.406763 T[  30364] INFO  [RxLogInfo] para.xml [000034]
20220901 12:00:20.406796 T[  30364] INFO  [RxLogInfo] farm1 使用 para.xml [000034]
20220901 12:00:21.407309 T[  30364] INFO  [RxLogInfo] para.xml [000034]
20220901 12:00:21.407362 T[  30364] INFO  [RxLogInfo] farm1 使用 para.xml [000034]
20220901 12:00:22.407334 T[  30364] INFO  [RxLogInfo] para.xml [000034]
20220901 12:00:22.407407 T[  30364] INFO  [RxLogInfo] farm1 使用 para.xml [000034]
20220901 12:00:23.406819 T[  30364] INFO  [RxLogInfo] para.xml [000034]
20220901 12:00:23.406866 T[  30364] INFO  [RxLogInfo] farm1 使用 para.xml [000034]
20220901 12:00:24.406945 T[  30364] INFO  [RxLogInfo] para.xml [000034]
20220901 12:00:24.406975 T[  30364] INFO  [RxLogInfo] farm1 使用 para.xml [000034]
20220901 12:00:25.407193 T[  30364] INFO  [RxLogInfo] para.xml [000034]
20220901 12:00:25.407232 T[  30364] INFO  [RxLogInfo] farm1 使用 para.xml [000034]
20220901 12:00:26.406859 T[  30364] INFO  [RxLogInfo] para.xml [000034]
20220901 12:00:26.406893 T[  30364] INFO  [RxLogInfo] farm1 使用 para.xml [000034]
20220901 12:00:27.406852 T[  30364] INFO  [RxLogInfo] para.xml [000034]
20220901 12:00:27.406982 T[  30364] INFO  [RxLogInfo] farm1 使用 para.xml [000034]
20220901 12:00:28.407186 T[  30364] INFO  [RxLogInfo] para.xml [000034]
20220901 12:00:28.407227 T[  30364] INFO  [RxLogInfo] farm1 使用 para.xml [000034]
20220901 12:00:29.407112 T[  30364] INFO  [RxLogInfo] para.xml [000034]
20220901 12:00:29.407162 T[  30364] INFO  [RxLogInfo] farm1 使用 para.xml [000034]
20220901 12:00:30.406853 T[  30364] INFO  [RxLogInfo] para.xml [000034]
20220901 12:00:30.406891 T[  30364] INFO  [RxLogInfo] farm1 使用 para.xml [000034]
20220901 12:00:31.407127 T[  30364] INFO  [RxLogInfo] para.xml [000034]
20220901 12:00:31.407191 T[  30364] INFO  [RxLogInfo] farm1 使用 para.xml [000034]
20220901 12:00:32.406926 T[  30364] INFO  [RxLogInfo] para.xml [000034]
20220901 12:00:32.407005 T[  30364] INFO  [RxLogInfo] farm1 使用 para.xml [000034]
20220901 12:00:33.406814 T[  30364] INFO  [RxLogInfo] para.xml [000034]
20220901 12:00:33.406842 T[  30364] INFO  [RxLogInfo] farm1 使用 para.xml [000034]
20220901 12:00:34.406898 T[  30364] INFO  [RxLogInfo] para.xml [000034]
20220901 12:00:34.406934 T[  30364] INFO  [RxLogInfo] farm1 使用 para.xml [000034]
20220901 12:00:35.407141 T[  30364] INFO  [RxLogInfo] para.xml [000034]
20220901 12:00:35.407242 T[  30364] INFO  [RxLogInfo] farm1 使用 para.xml [000034]
20220901 12:00:36.407134 T[  30364] INFO  [RxLogInfo] para.xml [000034]
20220901 12:00:36.407165 T[  30364] INFO  [RxLogInfo] farm1 使用 para.xml [000034]
20220901 12:00:37.406930 T[  30364] INFO  [RxLogInfo] para.xml [000034]
20220901 12:00:37.406962 T[  30364] INFO  [RxLogInfo] farm1 使用 para.xml [000034]
20220901 12:00:38.407112 T[  30364] INFO  [RxLogInfo] para.xml [000034]
20220901 12:00:38.407158 T[  30364] INFO  [RxLogInfo] farm1 使用 para.xml [000034]
20220901 12:00:39.407001 T[  30364] INFO  [RxLogInfo] para.xml [000034]
20220901 12:00:39.407675 T[  30364] INFO  [RxLogInfo] farm1 使用 para.xml [000034]
20220901 12:00:40.407247 T[  30364] INFO  [RxLogInfo] para.xml [000034]
20220901 12:00:40.407303 T[  30364] INFO  [RxLogInfo] farm1 使用 para.xml [000034]
20220901 12:00:41.407196 T[  30364] INFO  [RxLogInfo] para.xml [000034]
20220901 12:00:41.407238 T[  30364] INFO  [RxLogInfo] farm1 使用 para.xml [000034]
20220901 12:00:42.407013 T[  30364] INFO  [RxLogInfo] para.xml [000034]
20220901 12:00:42.407120 T[  30364] INFO  [RxLogInfo] farm1 使用 para.xml [000034]
20220901 12:00:43.406987 T[  30364] INFO  [RxLogInfo] para.xml [000034]
20220901 12:00:43.407040 T[  30364] INFO  [RxLogInfo] farm1 使用 para.xml [000034]
20220901 12:00:44.406956 T[  30364] INFO  [RxLogInfo] para.xml [000034]
20220901 12:00:44.407004 T[  30364] INFO  [RxLogInfo] farm1 使用 para.xml [000034]
20220901 12:00:45.406948 T[  30364] INFO  [RxLogInfo] para.xml [000034]
20220901 12:00:45.406982 T[  30364] INFO  [RxLogInfo] farm1 使用 para.xml [000034]
20220901 12:00:46.406799 T[  30364] INFO  [RxLogInfo] para.xml [000034]
20220901 12:00:46.406819 T[  30364] INFO  [RxLogInfo] farm1 使用 para.xml [000034]
20220901 12:00:47.406995 T[  30364] INFO  [RxLogInfo] para.xml [000034]
20220901 12:00:47.407060 T[  30364] INFO  [RxLogInfo] farm1 使用 para.xml [000034]
20220901 12:00:48.407033 T[  30364] INFO  [RxLogInfo] para.xml [000034]
20220901 12:00:48.407065 T[  30364] INFO  [RxLogInfo] farm1 使用 para.xml [000034]
20220901 12:00:49.407127 T[  30364] INFO  [RxLogInfo] para.xml [000034]
20220901 12:00:49.407162 T[  30364] INFO  [RxLogInfo] farm1 使用 para.xml [000034]
20220901 12:00:50.406965 T[  30364] INFO  [RxLogInfo] para.xml [000034]
20220901 12:00:50.407021 T[  30364] INFO  [RxLogInfo] farm1 使用 para.xml [000034]
20220901 12:00:51.406929 T[  30364] INFO  [RxLogInfo] para.xml [000034]
20220901 12:00:51.407021 T[  30364] INFO  [RxLogInfo] farm1 使用 para.xml [000034]
20220901 12:00:52.407133 T[  30364] INFO  [RxLogInfo] para.xml [000034]
20220901 12:00:52.407183 T[  30364] INFO  [RxLogInfo] farm1 使用 para.xml [000034]
20220901 12:00:53.406816 T[  30364] INFO  [RxLogInfo] para.xml [000034]
20220901 12:00:53.406843 T[  30364] INFO  [RxLogInfo] farm1 使用 para.xml [000034]
20220901 12:00:54.406966 T[  30364] INFO  [RxLogInfo] para.xml [000034]
20220901 12:00:54.406990 T[  30364] INFO  [RxLogInfo] farm1 使用 para.xml [000034]
20220901 12:00:55.406792 T[  30364] INFO  [RxLogInfo] para.xml [000034]
20220901 12:00:55.407298 T[  30364] INFO  [RxLogInfo] farm1 使用 para.xml [000034]
20220901 12:00:56.406869 T[  30364] INFO  [RxLogInfo] para.xml [000034]
20220901 12:00:56.406902 T[  30364] INFO  [RxLogInfo] farm1 使用 para.xml [000034]
20220901 12:00:57.407349 T[  30364] INFO  [RxLogInfo] para.xml [000034]
20220901 12:00:57.407384 T[  30364] INFO  [RxLogInfo] farm1 使用 para.xml [000034]
20220901 12:00:58.407435 T[  30364] INFO  [RxLogInfo] para.xml [000034]
20220901 12:00:58.407473 T[  30364] INFO  [RxLogInfo] farm1 使用 para.xml [000034]
20220901 12:00:59.406869 T[  30364] INFO  [RxLogInfo] para.xml [000034]
20220901 12:00:59.406928 T[  30364] INFO  [RxLogInfo] farm1 使用 para.xml [000034]
20220901 12:01:00.406940 T[  30364] INFO  [RxLogInfo] para.xml [000034]
20220901 12:01:00.407018 T[  30364] INFO  [RxLogInfo] farm1 使用 para.xml [000034]
20220901 12:01:01.406876 T[  30364] INFO  [RxLogInfo] para.xml [000034]
20220901 12:01:01.406924 T[  30364] INFO  [RxLogInfo] farm1 使用 para.xml [000034]
20220901 12:01:02.407310 T[  30364] INFO  [RxLogInfo] para.xml [000034]
20220901 12:01:02.407360 T[  30364] INFO  [RxLogInfo] farm1 使用 para.xml [000034]
20220901 12:01:02.407499 T[  30364] INFO  [RxLogInfo] m_iRefPlant2Do(0) to be reset [000034]
20220901 12:01:02.407523 T[  30364] INFO  [RxLogInfo] m_iRefPlant2Do(1) after reset [000034]
20220901 12:01:02.407909 T[  30383] INFO  [RxLogInfo] 获取一个任务，剩余任务个数为 0 个 [000002]
20220901 12:01:02.407965 T[  30383] INFO  [RxLogInfo] start calculation for farm farm1 [000002]
20220901 12:01:02.410809 T[  30383] INFO  [RxLogInfo] 数值气象预报当天条目97 farm1 [000002]
20220901 12:01:02.410848 T[  30383] INFO  [RxLogInfo] farm1 找到日出 找到日落 [000002]
20220901 12:01:02.411666 T[  30383] INFO  [RxLogInfo] 气象站ID(115021) 电场名(farm1) thread(140626416584448) [000002]
20220901 12:01:02.412097 T[  30383] INFO  [RxLogInfo] 并网功率(45.696369) farm1 [000002]
20220901 12:01:02.415409 T[  30383] ERROR  sql语句[SELECT VALUE FROM HDR_ANALOGINPUT20220901 WHERE ID = 2 AND HDTIME > '2022-09-01 10:01:00']执行失败, pItem == NULL 功率不判断死值! farm1 --- ../../../src/baseapk/commonlib/log/rxlogmanager.cpp:101 [000002]
20220901 12:01:02.416057 T[  30383] INFO  [RxLogInfo] 取到装机容量(100.000000)，电场ID(115020) 电场名(farm1),threadID(597378816) [000002]
20220901 12:01:02.416392 T[  30383] INFO  [RxLogInfo] 取到装机容量(100.000000)，电场ID(115020) 电场名(farm1),threadID(597378816) [000002]
20220901 12:01:02.416441 T[  30383] INFO  [RxLogInfo] 计划开机容量条目(0) 电场名(farm1), threadID(597378816) [000002]
20220901 12:01:02.416933 T[  30383] ERROR 获取限电标记位失败,返回值(-1) 电场名(farm1) thrID(597378816) --- ../../../src/baseapk/commonlib/log/rxlogmanager.cpp:101 [000002]
20220901 12:01:02.417102 T[  30383] INFO  [RxLogInfo] 测光法 日出(22-9-1 上午6:00)日落(22-9-1 下午7:30) 实发(45.696369) 理论TimeK(1.150000) 可用TimeK(1.080000) 辐照度(829.026611) paraA(0.095250) paraB(0.080963) 装机(100.000000) 装机K(0.980000) 是否限电(1) farm1 thread(597378816) [000002]
20220901 12:01:02.418196 T[  30383] ERROR  sql语句[SELECT VALUE FROM HDR_ANALOGINPUT20220901 WHERE ID = 204 AND HDTIME > '2022-09-01 10:01:00']执行失败,pItem == NULL辐照度不判断死值 ! farm1 --- ../../../src/baseapk/commonlib/log/rxlogmanager.cpp:101 [000002]
20220901 12:01:02.418244 T[  30383] INFO  [RxLogInfo] 辐照度不是死值，理论(78.964790) = 辐照度(829.026611) * paraA(0.095250) 197 ../../../../src/forecaststation/calctheory/sunalgorithm/sunirradiancealgorithm.cpp farm1 [000002]
20220901 12:01:02.418268 T[  30383] INFO  [RxLogInfo] 可用(72.311104)=实发(45.696369)*(1-比例(0.800000))+理论(78.964790)*比例(0.800000) 250 ../../../../src/forecaststation/calctheory/sunalgorithm/sunirradiancealgorithm.cpp farm1 [000002]
20220901 12:01:02.418280 T[  30383] INFO  [RxLogInfo] 测光法 理论(78.964790)，可用(72.311104)，有效标记(1)，装机(100.000000)，装机K(0.980000)，实发(45.696369) farm1 [000002]
20220901 12:01:02.419560 T[  30383] INFO  [RxLogInfo] 数值气象预报当天条目97 farm1 [000002]
20220901 12:01:02.419582 T[  30383] INFO  [RxLogInfo] farm1 找到日出 找到日落 [000002]
20220901 12:01:02.419892 T[  30383] INFO  [RxLogInfo] 气象站ID(115021) 电场名(farm1) thread(140626416584448) [000002]
20220901 12:01:02.420240 T[  30383] INFO  [RxLogInfo] 并网功率(45.696369) farm1 [000002]
20220901 12:01:02.421231 T[  30383] ERROR  sql语句[SELECT VALUE FROM HDR_ANALOGINPUT20220901 WHERE ID = 2 AND HDTIME > '2022-09-01 10:01:00']执行失败, pItem == NULL 功率不判断死值! farm1 --- ../../../src/baseapk/commonlib/log/rxlogmanager.cpp:101 [000002]
20220901 12:01:02.421571 T[  30383] INFO  [RxLogInfo] 取到装机容量(100.000000)，电场ID(115020) 电场名(farm1),threadID(597378816) [000002]
20220901 12:01:02.421847 T[  30383] INFO  [RxLogInfo] 取到装机容量(100.000000)，电场ID(115020) 电场名(farm1),threadID(597378816) [000002]
20220901 12:01:02.421867 T[  30383] INFO  [RxLogInfo] 计划开机容量条目(0) 电场名(farm1), threadID(597378816) [000002]
20220901 12:01:02.422460 T[  30383] ERROR 获取限电标记位失败,返回值(-1) 电场名(farm1) thrID(597378816) --- ../../../src/baseapk/commonlib/log/rxlogmanager.cpp:101 [000002]
20220901 12:01:02.422960 T[  30383] INFO  [RxLogInfo] 样板法 日出(22-9-1 上午6:00)日落(22-9-1 下午7:30) 实发(45.696369) 理论TimeK(1.100000) 可用TimeK(1.050000) 装机(100.000000) 装机K(0.980000) 样板机功率和(1.467408) 样板机装机容量和(2.000000) paraB(0.080963) 是否限电(1) farm1 thread(597378816) [000002]
20220901 12:01:02.424018 T[  30383] ERROR  sql语句[SELECT VALUE,HDTIME FROM hdr_analoginput20220901 WHERE ID=216 AND HDTIME > '2022-09-01 10:01:00']执行失败，pItem == NULL样板机功率不判断死值 ! farm1 --- ../../../src/baseapk/commonlib/log/rxlogmanager.cpp:101 [000002]
20220901 12:01:02.424061 T[  30383] INFO  [RxLogInfo] 样板装机和不为0，理论(73.370384)=样板机功率和(1.467408)*(装机(100.000000)/样板机装机和(2.000000)) 198 ../../../../src/forecaststation/calctheory/sunalgorithm/suntypicalalgorithm.cpp farm1 [000002]
20220901 12:01:02.424100 T[  30383] INFO  [RxLogInfo] 理论(73.370384)=理论(73.370384)*MOUTK(1.000000) 233 ../../../../src/forecaststation/calctheory/sunalgorithm/suntypicalalgorithm.cpp farm1 [000002]
20220901 12:01:02.424114 T[  30383] INFO  [RxLogInfo] 可用(67.835579)=实发(45.696369)*(1-比例(0.800000))+理论(73.370384)*比例(0.800000) 286 ../../../../src/forecaststation/calctheory/sunalgorithm/suntypicalalgorithm.cpp farm1 [000002]
20220901 12:01:02.424125 T[  30383] INFO  [RxLogInfo] 样板法 理论(73.370384)，可用(67.835579)，有效标记(1)，装机(100.000000)，装机K(0.980000)，实发(45.696369) farm1 [000002]
20220901 12:01:02.425347 T[  30383] INFO  [RxLogInfo] 并网功率(45.696369) farm1 [000002]
20220901 12:01:02.426216 T[  30383] ERROR  sql语句[SELECT VALUE FROM HDR_ANALOGINPUT20220901 WHERE ID = 2 AND HDTIME > '2022-09-01 10:01:00']执行失败, pItem == NULL 功率不判断死值! farm1 --- ../../../src/baseapk/commonlib/log/rxlogmanager.cpp:101 [000002]
20220901 12:01:02.426279 T[  30383] INFO  [RxLogInfo] 电场(115020)未找到上一时刻非限电的记录，不进行跳变修复 [000002]
20220901 12:01:02.426528 T[  30383] INFO  [RxLogInfo] 取到装机容量(100.000000)，电场ID(115020) 电场名(farm1),threadID(597378816) [000002]
20220901 12:01:02.426548 T[  30383] INFO  [RxLogInfo] 计划开机容量条目(0) 电场名(farm1), threadID(597378816) [000002]
20220901 12:01:02.426766 T[  30383] INFO  [RxLogInfo] 取到装机容量(100.000000)，电场ID(115020) 电场名(farm1),threadID(597378816) [000002]
20220901 12:01:02.427057 T[  30383] INFO  [RxLogInfo] 最后结果：测光法理论fItheoryP(78.964790) 测光法可用fIdtheoryP(72.311104) 样板法理论 fMtheoryP(73.370384) 样板法可用(67.835579) 实发功率(45.696369) 理论功率(78.964790) 可用功率(72.311104) limitFalg(1) farm(farm1) thrID(597378816) [000002]
20220901 12:01:02.427511 T[  30383] INFO  [RxLogInfo] 并网功率(45.696369) farm1 [000002]
20220901 12:01:02.428241 T[  30383] ERROR  sql语句[SELECT VALUE FROM HDR_ANALOGINPUT20220901 WHERE ID = 2 AND HDTIME > '2022-09-01 10:01:00']执行失败, pItem == NULL 功率不判断死值! farm1 --- ../../../src/baseapk/commonlib/log/rxlogmanager.cpp:101 [000002]
20220901 12:01:02.428915 T[  30383] ERROR 未能获取测光法，样板法的当日场内累计受阻电量当日场外累计受阻电量，请检查遥测表配置 farm1 thread(140626416584448) --- ../../../src/baseapk/commonlib/log/rxlogmanager.cpp:101 [000002]
20220901 12:01:02.429018 T[  30383] INFO  [RxLogInfo] 电场（farm1）计算完毕，开始存入历史库！ [000002]
20220901 12:01:02.429631 T[  30383] INFO  [RxLogInfo] m_iRefPlant2Do(1) to be decrease [000002]
20220901 12:01:02.429635 T[  30383] INFO  [RxLogInfo] m_iRefPlant2Do(0) after decrease [000002]
20220901 12:01:02.429654 T[  30383] INFO  [RxLogInfo] 0 secs milli(22) cost for calculation for farm farm1 thrID(597378816) [000002]
20220901 12:01:03.407403 T[  30364] INFO  [RxLogInfo] para.xml [000034]
20220901 12:01:03.407481 T[  30364] INFO  [RxLogInfo] farm1 使用 para.xml [000034]
20220901 12:01:04.406747 T[  30364] INFO  [RxLogInfo] para.xml [000034]
20220901 12:01:04.406766 T[  30364] INFO  [RxLogInfo] farm1 使用 para.xml [000034]
20220901 12:01:05.407212 T[  30364] INFO  [RxLogInfo] para.xml [000034]
20220901 12:01:05.407245 T[  30364] INFO  [RxLogInfo] farm1 使用 para.xml [000034]
20220901 12:01:06.406874 T[  30364] INFO  [RxLogInfo] para.xml [000034]
20220901 12:01:06.406913 T[  30364] INFO  [RxLogInfo] farm1 使用 para.xml [000034]
20220901 12:01:07.407107 T[  30364] INFO  [RxLogInfo] para.xml [000034]
20220901 12:01:07.407211 T[  30364] INFO  [RxLogInfo] farm1 使用 para.xml [000034]
20220901 12:01:08.406886 T[  30364] INFO  [RxLogInfo] para.xml [000034]
20220901 12:01:08.406921 T[  30364] INFO  [RxLogInfo] farm1 使用 para.xml [000034]
20220901 12:01:09.407168 T[  30364] INFO  [RxLogInfo] para.xml [000034]
20220901 12:01:09.407216 T[  30364] INFO  [RxLogInfo] farm1 使用 para.xml [000034]
20220901 12:01:10.406989 T[  30364] INFO  [RxLogInfo] para.xml [000034]
20220901 12:01:10.407017 T[  30364] INFO  [RxLogInfo] farm1 使用 para.xml [000034]
20220901 12:01:11.407318 T[  30364] INFO  [RxLogInfo] para.xml [000034]
20220901 12:01:11.407404 T[  30364] INFO  [RxLogInfo] farm1 使用 para.xml [000034]
20220901 12:01:12.407030 T[  30364] INFO  [RxLogInfo] para.xml [000034]
20220901 12:01:12.407115 T[  30364] INFO  [RxLogInfo] farm1 使用 para.xml [000034]
20220901 12:01:13.407234 T[  30364] INFO  [RxLogInfo] para.xml [000034]
20220901 12:01:13.407301 T[  30364] INFO  [RxLogInfo] farm1 使用 para.xml [000034]
20220901 12:01:14.406905 T[  30364] INFO  [RxLogInfo] para.xml [000034]
20220901 12:01:14.406951 T[  30364] INFO  [RxLogInfo] farm1 使用 para.xml [000034]
20220901 12:01:15.407057 T[  30364] INFO  [RxLogInfo] para.xml [000034]
20220901 12:01:15.407170 T[  30364] INFO  [RxLogInfo] farm1 使用 para.xml [000034]
20220901 12:01:16.406959 T[  30364] INFO  [RxLogInfo] para.xml [000034]
20220901 12:01:16.406987 T[  30364] INFO  [RxLogInfo] farm1 使用 para.xml [000034]
20220901 12:01:17.406949 T[  30364] INFO  [RxLogInfo] para.xml [000034]
20220901 12:01:17.406986 T[  30364] INFO  [RxLogInfo] farm1 使用 para.xml [000034]
20220901 12:01:18.406922 T[  30364] INFO  [RxLogInfo] para.xml [000034]
20220901 12:01:18.406977 T[  30364] INFO  [RxLogInfo] farm1 使用 para.xml [000034]
20220901 12:01:19.406958 T[  30364] INFO  [RxLogInfo] para.xml [000034]
20220901 12:01:19.407021 T[  30364] INFO  [RxLogInfo] farm1 使用 para.xml [000034]
20220901 12:01:20.406933 T[  30364] INFO  [RxLogInfo] para.xml [000034]
20220901 12:01:20.406994 T[  30364] INFO  [RxLogInfo] farm1 使用 para.xml [000034]
20220901 12:01:21.406830 T[  30364] INFO  [RxLogInfo] para.xml [000034]
20220901 12:01:21.406870 T[  30364] INFO  [RxLogInfo] farm1 使用 para.xml [000034]
20220901 12:01:22.406810 T[  30364] INFO  [RxLogInfo] para.xml [000034]
20220901 12:01:22.406831 T[  30364] INFO  [RxLogInfo] farm1 使用 para.xml [000034]
20220901 12:01:23.406987 T[  30364] INFO  [RxLogInfo] para.xml [000034]
20220901 12:01:23.407580 T[  30364] INFO  [RxLogInfo] farm1 使用 para.xml [000034]
20220901 12:01:24.406816 T[  30364] INFO  [RxLogInfo] para.xml [000034]
20220901 12:01:24.406849 T[  30364] INFO  [RxLogInfo] farm1 使用 para.xml [000034]
20220901 12:01:25.407043 T[  30364] INFO  [RxLogInfo] para.xml [000034]
20220901 12:01:25.407118 T[  30364] INFO  [RxLogInfo] farm1 使用 para.xml [000034]
20220901 12:01:26.406819 T[  30364] INFO  [RxLogInfo] para.xml [000034]
20220901 12:01:26.406871 T[  30364] INFO  [RxLogInfo] farm1 使用 para.xml [000034]
20220901 12:01:27.407404 T[  30364] INFO  [RxLogInfo] para.xml [000034]
