20220313 17:20:34.123061 T[  11123] INFO  [RxLogEnv]  [-09999]
20220313 17:20:34.123117 T[  11123] INFO  [RxLogEnv] <<<<<<<<<<<<<<<<<<<<<<<<<<<<<<<<<<<<<<<<<<<<<<<<<< [-09999]
20220313 17:20:34.123122 T[  11123] INFO  [RxLogEnv] 进程/home/sprixin/davinci/bin/rxhttpsrv[11123]启动！ [-09999]
20220313 17:20:34.123302 T[  11123] INFO  [addTimeLog] 进程rxhttpsrv(11123)分配互斥锁/var/rxhttpsrv(16810013)。
20220313 17:20:34.123748 T[  11123] INFO  [addTimeLog] <<<<<<<<< process = rxhttpsrv begin starting........
20220313 17:20:34.124519 T[  11123] INFO  [addLog] begin trying to connect RXSERVER. Please Waiting... maxtimeout = 4000  [-09999]
20220313 17:20:34.124578 T[  11123] ERROR CSocketDevice::Connect(): connect to (127.0.0.1) successful! --- ../../../src/baseapk/commonlib/log/rxlogmanager.cpp:48 [-09999]
20220313 17:20:34.126385 T[  11123] INFO  [addTimeLog] pid =11123 Recv A Node( 0 ) Running. [-09999]
20220313 17:20:34.134290 T[  11123] INFO  [addLog] Realtime Database Manager System [-09999]
20220313 17:20:34.134424 T[  11123] WARN  begin to init memory database. --- ../../../src/baseapk/commonlib/log/rxlogmanager.cpp:20 [-09999]
20220313 17:20:34.135729 T[  11123] WARN  have finished to init memory database. --- ../../../src/baseapk/commonlib/log/rxlogmanager.cpp:20 [-09999]
20220313 17:20:34.135991 T[  11123] INFO  [addLog] CComponentManager::OnReceivedSignalRunning,begin to StartupApplication [-09999]
20220313 17:20:34.136047 T[  11123] INFO  [addLog] REGISTER Registered OK! [-09999]
20220313 17:20:34.136052 T[  11123] INFO  [addLog] Begin Register Application = 43. Please Wait... [-09999]
20220313 17:20:34.136362 T[  11123] WARN  <<<<< Apply To Register Process = rxhttpsrv.... --- ../../../src/baseapk/commonlib/log/rxlogmanager.cpp:46 [-09999]
20220313 17:20:34.188470 T[  11123] WARN   >>>>>>process rxhttpsrv  Register OK! --- ../../../src/baseapk/commonlib/log/rxlogmanager.cpp:46 [-09999]
20220313 17:20:34.199046 T[  11123] INFO  [addLog] Register Process = 43 Success. [-09999]
20220313 17:20:34.199432 T[  11123] INFO  [addLog] ****************************************************************** [-09999]
20220313 17:20:34.199457 T[  11123] INFO  [addLog] <<<Startup Service = REGISTER Successful. [-09999]
20220313 17:20:34.199465 T[  11123] INFO  [addLog] <<<< RegisterObject StartUp ! [-09999]
20220313 17:20:34.199512 T[  11123] INFO  [addTimeLog] 服务REGISTER(3)启动。 [-09999]
20220313 17:20:34.199527 T[  11123] INFO  [addLog] ****************************************************************** [-09999]
20220313 17:20:34.199534 T[  11123] INFO  [addLog] rxhttpsrv startup OK! [-09999]
20220313 17:20:34.415055 T[  11123] ERROR read config file: httpserver.json error. --- ../../../src/kernelapp/rxhttpsrv/rxhttpserver.cpp:79
20220313 17:20:34.415074 T[  11123] ERROR load httpServer failed. --- ../../../src/kernelapp/rxhttpsrv/rxhttpserver.cpp:48
20220313 17:21:52.380835 T[  11139] INFO  [RxLogEnv]  [-09999]
20220313 17:21:52.380865 T[  11139] INFO  [RxLogEnv] <<<<<<<<<<<<<<<<<<<<<<<<<<<<<<<<<<<<<<<<<<<<<<<<<< [-09999]
20220313 17:21:52.380870 T[  11139] INFO  [RxLogEnv] 进程/home/sprixin/davinci/bin/rxhttpsrv[11139]启动！ [-09999]
20220313 17:21:52.381052 T[  11139] INFO  [addTimeLog] 进程rxhttpsrv(11139)分配互斥锁/var/rxhttpsrv(16810013)。 [-00001]
20220313 17:21:52.381059 T[  11139] ERROR rxhttpsrv has already exists instance. --- ../../../src/baseapk/commonlib/log/rxlogmanager.cpp:101 [-00001]
20220313 17:24:02.714321 T[  12193] INFO  [RxLogEnv]  [-09999]
20220313 17:24:02.714369 T[  12193] INFO  [RxLogEnv] <<<<<<<<<<<<<<<<<<<<<<<<<<<<<<<<<<<<<<<<<<<<<<<<<< [-09999]
20220313 17:24:02.714373 T[  12193] INFO  [RxLogEnv] 进程/home/sprixin/davinci/bin/rxhttpsrv[12193]启动！ [-09999]
20220313 17:24:02.714481 T[  12193] INFO  [addTimeLog] 进程rxhttpsrv(12193)分配互斥锁/var/rxhttpsrv(17793053)。
20220313 17:24:02.714994 T[  12193] INFO  [addTimeLog] <<<<<<<<< process = rxhttpsrv begin starting........
20220313 17:24:02.715879 T[  12193] INFO  [addLog] begin trying to connect RXSERVER. Please Waiting... maxtimeout = 4000  [-09999]
20220313 17:24:02.715943 T[  12193] ERROR CSocketDevice::Connect(): connect to (127.0.0.1) successful! --- ../../../src/baseapk/commonlib/log/rxlogmanager.cpp:48 [-09999]
20220313 17:24:02.716838 T[  12193] INFO  [addTimeLog] pid =12193 Recv A Node( 0 ) Running. [-09999]
20220313 17:24:02.720302 T[  12193] INFO  [addLog] Realtime Database Manager System [-09999]
20220313 17:24:02.720392 T[  12193] WARN  begin to init memory database. --- ../../../src/baseapk/commonlib/log/rxlogmanager.cpp:20 [-09999]
20220313 17:24:02.721282 T[  12193] WARN  have finished to init memory database. --- ../../../src/baseapk/commonlib/log/rxlogmanager.cpp:20 [-09999]
20220313 17:24:02.721452 T[  12193] INFO  [addLog] CComponentManager::OnReceivedSignalRunning,begin to StartupApplication [-09999]
20220313 17:24:02.721495 T[  12193] INFO  [addLog] REGISTER Registered OK! [-09999]
20220313 17:24:02.721498 T[  12193] INFO  [addLog] Begin Register Application = 43. Please Wait... [-09999]
20220313 17:24:02.721751 T[  12193] WARN  <<<<< Apply To Register Process = rxhttpsrv.... --- ../../../src/baseapk/commonlib/log/rxlogmanager.cpp:46 [-09999]
20220313 17:24:02.774001 T[  12193] WARN   >>>>>>process rxhttpsrv  Register OK! --- ../../../src/baseapk/commonlib/log/rxlogmanager.cpp:46 [-09999]
20220313 17:24:02.784715 T[  12193] INFO  [addLog] Register Process = 43 Success. [-09999]
20220313 17:24:02.785112 T[  12193] INFO  [addLog] ****************************************************************** [-09999]
20220313 17:24:02.785139 T[  12193] INFO  [addLog] <<<Startup Service = REGISTER Successful. [-09999]
20220313 17:24:02.785148 T[  12193] INFO  [addLog] <<<< RegisterObject StartUp ! [-09999]
20220313 17:24:02.785196 T[  12193] INFO  [addTimeLog] 服务REGISTER(3)启动。 [-09999]
20220313 17:24:02.785212 T[  12193] INFO  [addLog] ****************************************************************** [-09999]
20220313 17:24:02.785219 T[  12193] INFO  [addLog] rxhttpsrv startup OK! [-09999]
20220313 17:24:02.995394 T[  12193] ERROR load plugins library failed! --- ../../../src/kernelapp/rxhttpsrv/rxhttpserver.cpp:87
